[ 2016-07-27T08:49:56+08:00 ] 127.0.0.1 /web/pluginRepository.xml
INFO: [ app_init ] --START--
INFO: Run Behavior\BuildLiteBehavior [ RunTime:0.000000s ]
INFO: [ app_init ] --END-- [ RunTime:0.381021s ]
ERR: 无法加载模块:PluginRepository

[ 2016-07-27T12:35:51+08:00 ] ::1 //Web/Application/Admin/View/Public/assets/js/app.js
INFO: [ app_init ] --START--
INFO: Run Behavior\BuildLiteBehavior [ RunTime:0.000000s ]
INFO: [ app_init ] --END-- [ RunTime:0.001000s ]
ERR: 无法加载模块:Application

cation

[ 2016-07-27T12:35:51+08:00 ] ::1 //Web/Application/Admin/View/Public/assets/css/admin.css
INFO: [ app_init ] --START--
INFO: Run Behavior\BuildLiteBehavior [ RunTime:0.000000s ]
INFO: [ app_init ] --END-- [ RunTime:0.000000s ]
ERR: 无法加载模块:Application

[ 2016-07-27T12:35:51+08:00 ] ::1 //Web/Application/Admin/View/Public/assets/js/jquery.min.js
INFO: [ app_init ] --START--
INFO: Run Behavior\BuildLiteBehavior [ RunTime:0.000000s ]
INFO: [ app_init ] --END-- [ RunTime:0.000000s ]
ERR: 无法加载模块:Application

[ 2016-07-27T12:35:51+08:00 ] ::1 //Web/Application/Admin/View/Public/assets/js/amazeui.min.js
INFO: [ app_init ] --START--
INFO: Run Behavior\BuildLiteBehavior [ RunTime:0.000000s ]
INFO: [ app_init ] --END-- [ RunTime:0.000000s ]
ERR: 无法加载模块:Application

[ 2016-07-27T12:35:52+08:00 ] ::1 //Web/Application/Admin/View/Public/assets/i/favicon.png
INFO: [ app_init ] --START--
INFO: Run Behavior\BuildLiteBehavior [ RunTime:0.000000s ]
INFO: [ app_init ] --END-- [ RunTime:0.001001s ]
ERR: 无法加载模块:Application

[ 2016-07-27T12:36:13+08:00 ] ::1 //Web/Application/Admin/View/Public/__PUBLIC__/Admin//css/amazeui.min.css
INFO: [ app_init ] --START--
INFO: Run Behavior\BuildLiteBehavior [ RunTime:0.000000s ]
INFO: [ app_init ] --END-- [ RunTime:0.000000s ]
ERR: 无法加载模块:Application

[ 2016-07-27T12:36:13+08:00 ] ::1 //Web/Application/Admin/View/Public/__PUBLIC__/Admin//css/admin.css
INFO: [ app_init ] --START--
INFO: Run Behavior\BuildLiteBehavior [ RunTime:0.000000s ]
INFO: [ app_init ] --END-- [ RunTime:0.001000s ]
ERR: 无法加载模块:Application

[ 2016-07-27T12:36:13+08:00 ] ::1 //Web/Application/Admin/View/Public/__PUBLIC__/Admin//js/amazeui.min.js
INFO: [ app_init ] --START--
INFO: Run Behavior\BuildLiteBehavior [ RunTime:0.000000s ]
INFO: [ app_init ] --END-- [ RunTime:0.002000s ]
ERR: 无法加载模块:Application

[ 2016-07-27T12:36:13+08:00 ] ::1 //Web/Application/Admin/View/Public/__PUBLIC__/Admin//js/jquery.min.js
INFO: [ app_init ] --START--
INFO: Run Behavior\BuildLiteBehavior [ RunTime:0.000000s ]
INFO: [ app_init ] --END-- [ RunTime:0.002001s ]
ERR: 无法加载模块:Application

[ 2016-07-27T12:36:13+08:00 ] ::1 //Web/Application/Admin/View/Public/__PUBLIC__/Admin//js/app.js
INFO: [ app_init ] --START--
INFO: Run Behavior\BuildLiteBehavior [ RunTime:0.000000s ]
INFO: [ app_init ] --END-- [ RunTime:0.000000s ]
ERR: 无法加载模块:Application

[ 2016-07-27T12:36:13+08:00 ] ::1 //Web/Application/Admin/View/Public/__PUBLIC__/Admin//i/favicon.png
INFO: [ app_init ] --START--
INFO: Run Behavior\BuildLiteBehavior [ RunTime:0.000000s ]
INFO: [ app_init ] --END-- [ RunTime:0.001000s ]
ERR: 无法加载模块:Application

[ 2016-07-27T12:36:15+08:00 ] ::1 //Web/Application/Admin/View/Public/__PUBLIC__/Admin//js/jquery.min.js
INFO: [ app_init ] --START--
INFO: Run Behavior\BuildLiteBehavior [ RunTime:0.000000s ]
INFO: [ app_init ] --END-- [ RunTime:0.001000s ]
ERR: 无法加载模块:Application

[ 2016-07-27T12:36:15+08:00 ] ::1 //Web/Application/Admin/View/Public/__PUBLIC__/Admin//js/app.js
INFO: [ app_init ] --START--
INFO: Run Behavior\BuildLiteBehavior [ RunTime:0.000000s ]
INFO: [ app_init ] --END-- [ RunTime:0.001000s ]
ERR: 无法加载模块:Application

[ 2016-07-27T12:36:15+08:00 ] ::1 //Web/Application/Admin/View/Public/__PUBLIC__/Admin//css/amazeui.min.css
INFO: [ app_init ] --START--
INFO: Run Behavior\BuildLiteBehavior [ RunTime:0.000000s ]
INFO: [ app_init ] --END-- [ RunTime:0.001000s ]
ERR: 无法加载模块:Application

[ 2016-07-27T12:36:15+08:00 ] ::1 //Web/Application/Admin/View/Public/__PUBLIC__/Admin//js/amazeui.min.js
INFO: [ app_init ] --START--
INFO: Run Behavior\BuildLiteBehavior [ RunTime:0.000000s ]
INFO: [ app_init ] --END-- [ RunTime:0.001000s ]
ERR: 无法加载模块:Application

[ 2016-07-27T12:36:15+08:00 ] ::1 //Web/Application/Admin/View/Public/__PUBLIC__/Admin//css/admin.css
INFO: [ app_init ] --START--
INFO: Run Behavior\BuildLiteBehavior [ RunTime:0.000000s ]
INFO: [ app_init ] --END-- [ RunTime:0.001000s ]
ERR: 无法加载模块:Application

[ 2016-07-27T12:36:16+08:00 ] ::1 //Web/Application/Admin/View/Public/__PUBLIC__/Admin//css/amazeui.min.css
INFO: [ app_init ] --START--
INFO: Run Behavior\BuildLiteBehavior [ RunTime:0.000000s ]
INFO: [ app_init ] --END-- [ RunTime:0.000000s ]
ERR: 无法加载模块:Application

[ 2016-07-27T12:36:16+08:00 ] ::1 //Web/Application/Admin/View/Public/__PUBLIC__/Admin//js/amazeui.min.js
INFO: [ app_init ] --START--
INFO: Run Behavior\BuildLiteBehavior [ RunTime:0.000000s ]
INFO: [ app_init ] --END-- [ RunTime:0.000000s ]
ERR: 无法加载模块:Application

[ 2016-07-27T12:36:16+08:00 ] ::1 //Web/Application/Admin/View/Public/__PUBLIC__/Admin//js/app.js
INFO: [ app_init ] --START--
INFO: Run Behavior\BuildLiteBehavior [ RunTime:0.000000s ]
INFO: [ app_init ] --END-- [ RunTime:0.001000s ]
ERR: 无法加载模块:Application

[ 2016-07-27T12:36:16+08:00 ] ::1 //Web/Application/Admin/View/Public/__PUBLIC__/Admin//css/admin.css
INFO: [ app_init ] --START--
INFO: Run Behavior\BuildLiteBehavior [ RunTime:0.000000s ]
INFO: [ app_init ] --END-- [ RunTime:0.001000s ]
ERR: 无法加载模块:Application

[ 2016-07-27T12:36:16+08:00 ] ::1 //Web/Application/Admin/View/Public/__PUBLIC__/Admin//js/jquery.min.js
INFO: [ app_init ] --START--
INFO: Run Behavior\BuildLiteBehavior [ RunTime:0.000000s ]
INFO: [ app_init ] --END-- [ RunTime:0.000000s ]
ERR: 无法加载模块:Application

[ 2016-07-27T12:36:16+08:00 ] ::1 //Web/Application/Admin/View/Public/__PUBLIC__/Admin//css/amazeui.min.css
INFO: [ app_init ] --START--
INFO: Run Behavior\BuildLiteBehavior [ RunTime:0.000000s ]
INFO: [ app_init ] --END-- [ RunTime:0.001000s ]
ERR: 无法加载模块:Application

[ 2016-07-27T12:36:16+08:00 ] ::1 //Web/Application/Admin/View/Public/__PUBLIC__/Admin//js/jquery.min.js
INFO: [ app_init ] --START--
INFO: Run Behavior\BuildLiteBehavior [ RunTime:0.000000s ]
INFO: [ app_init ] --END-- [ RunTime:0.000000s ]
ERR: 无法加载模块:Application

[ 2016-07-27T12:36:16+08:00 ] ::1 //Web/Application/Admin/View/Public/__PUBLIC__/Admin//js/app.js
INFO: [ app_init ] --START--
INFO: Run Behavior\BuildLiteBehavior [ RunTime:0.000000s ]
INFO: [ app_init ] --END-- [ RunTime:0.000000s ]
ERR: 无法加载模块:Application

[ 2016-07-27T12:36:16+08:00 ] ::1 //Web/Application/Admin/View/Public/__PUBLIC__/Admin//js/amazeui.min.js
INFO: [ app_init ] --START--
INFO: Run Behavior\BuildLiteBehavior [ RunTime:0.000000s ]
INFO: [ app_init ] --END-- [ RunTime:0.001000s ]
ERR: 无法加载模块:Application

[ 2016-07-27T12:36:16+08:00 ] ::1 //Web/Application/Admin/View/Public/__PUBLIC__/Admin//css/admin.css
INFO: [ app_init ] --START--
INFO: Run Behavior\BuildLiteBehavior [ RunTime:0.000000s ]
INFO: [ app_init ] --END-- [ RunTime:0.000000s ]
ERR: 无法加载模块:Application

[ 2016-07-27T12:36:16+08:00 ] ::1 //Web/Application/Admin/View/Public/__PUBLIC__/Admin//js/amazeui.min.js
INFO: [ app_init ] --START--
INFO: Run Behavior\BuildLiteBehavior [ RunTime:0.000000s ]
INFO: [ app_init ] --END-- [ RunTime:0.001000s ]
ERR: 无法加载模块:Application

[ 2016-07-27T12:36:16+08:00 ] ::1 //Web/Application/Admin/View/Public/__PUBLIC__/Admin//css/amazeui.min.css
INFO: [ app_init ] --START--
INFO: Run Behavior\BuildLiteBehavior [ RunTime:0.000000s ]
INFO: [ app_init ] --END-- [ RunTime:0.000000s ]
ERR: 无法加载模块:Application

[ 2016-07-27T12:36:16+08:00 ] ::1 //Web/Application/Admin/View/Public/__PUBLIC__/Admin//js/jquery.min.js
INFO: [ app_init ] --START--
INFO: Run Behavior\BuildLiteBehavior [ RunTime:0.000000s ]
INFO: [ app_init ] --END-- [ RunTime:0.001000s ]
ERR: 无法加载模块:Application

[ 2016-07-27T12:36:16+08:00 ] ::1 //Web/Application/Admin/View/Public/__PUBLIC__/Admin//js/app.js
INFO: [ app_init ] --START--
INFO: Run Behavior\BuildLiteBehavior [ RunTime:0.000000s ]
INFO: [ app_init ] --END-- [ RunTime:0.001000s ]
ERR: 无法加载模块:Application

[ 2016-07-27T12:36:16+08:00 ] ::1 //Web/Application/Admin/View/Public/__PUBLIC__/Admin//css/admin.css
INFO: [ app_init ] --START--
INFO: Run Behavior\BuildLiteBehavior [ RunTime:0.000000s ]
INFO: [ app_init ] --END-- [ RunTime:0.000000s ]
ERR: 无法加载模块:Application

[ 2016-07-27T12:36:16+08:00 ] ::1 //Web/Application/Admin/View/Public/__PUBLIC__/Admin//css/amazeui.min.css
INFO: [ app_init ] --START--
INFO: Run Behavior\BuildLiteBehavior [ RunTime:0.000000s ]
INFO: [ app_init ] --END-- [ RunTime:0.000000s ]
ERR: 无法加载模块:Application

[ 2016-07-27T12:36:16+08:00 ] ::1 //Web/Application/Admin/View/Public/__PUBLIC__/Admin//js/app.js
INFO: [ app_init ] --START--
INFO: Run Behavior\BuildLiteBehavior [ RunTime:0.000000s ]
INFO: [ app_init ] --END-- [ RunTime:0.001000s ]
ERR: 无法加载模块:Application

[ 2016-07-27T12:36:16+08:00 ] ::1 //Web/Application/Admin/View/Public/__PUBLIC__/Admin//js/jquery.min.js
INFO: [ app_init ] --START--
INFO: Run Behavior\BuildLiteBehavior [ RunTime:0.000000s ]
INFO: [ app_init ] --END-- [ RunTime:0.000000s ]
ERR: 无法加载模块:Application

[ 2016-07-27T12:36:16+08:00 ] ::1 //Web/Application/Admin/View/Public/__PUBLIC__/Admin//css/admin.css
INFO: [ app_init ] --START--
INFO: Run Behavior\BuildLiteBehavior [ RunTime:0.000000s ]
INFO: [ app_init ] --END-- [ RunTime:0.001000s ]
ERR: 无法加载模块:Application

[ 2016-07-27T12:36:16+08:00 ] ::1 //Web/Application/Admin/View/Public/__PUBLIC__/Admin//js/amazeui.min.js
INFO: [ app_init ] --START--
INFO: Run Behavior\BuildLiteBehavior [ RunTime:0.000000s ]
INFO: [ app_init ] --END-- [ RunTime:0.001000s ]
ERR: 无法加载模块:Application

[ 2016-07-27T12:36:16+08:00 ] ::1 //Web/Application/Admin/View/Public/__PUBLIC__/Admin//js/amazeui.min.js
INFO: [ app_init ] --START--
INFO: Run Behavior\BuildLiteBehavior [ RunTime:0.000000s ]
INFO: [ app_init ] --END-- [ RunTime:0.001000s ]
ERR: 无法加载模块:Application

[ 2016-07-27T12:36:16+08:00 ] ::1 //Web/Application/Admin/View/Public/__PUBLIC__/Admin//js/jquery.min.js
INFO: [ app_init ] --START--
INFO: Run Behavior\BuildLiteBehavior [ RunTime:0.001000s ]
INFO: [ app_init ] --END-- [ RunTime:0.001000s ]
ERR: 无法加载模块:Application

[ 2016-07-27T12:36:16+08:00 ] ::1 //Web/Application/Admin/View/Public/__PUBLIC__/Admin//js/app.js
INFO: [ app_init ] --START--
INFO: Run Behavior\BuildLiteBehavior [ RunTime:0.000000s ]
INFO: [ app_init ] --END-- [ RunTime:0.000000s ]
ERR: 无法加载模块:Application

[ 2016-07-27T12:36:16+08:00 ] ::1 //Web/Application/Admin/View/Public/__PUBLIC__/Admin//css/admin.css
INFO: [ app_init ] --START--
INFO: Run Behavior\BuildLiteBehavior [ RunTime:0.000000s ]
INFO: [ app_init ] --END-- [ RunTime:0.000000s ]
ERR: 无法加载模块:Application

[ 2016-07-27T12:36:16+08:00 ] ::1 //Web/Application/Admin/View/Public/__PUBLIC__/Admin//css/amazeui.min.css
INFO: [ app_init ] --START--
INFO: Run Behavior\BuildLiteBehavior [ RunTime:0.000000s ]
INFO: [ app_init ] --END-- [ RunTime:0.000000s ]
ERR: 无法加载模块:Application

[ 2016-07-27T12:36:34+08:00 ] ::1 /Web/Application/Admin/View/Public/__PUBLIC__/Admin//css/amazeui.min.css
INFO: [ app_init ] --START--
INFO: Run Behavior\BuildLiteBehavior [ RunTime:0.000000s ]
INFO: [ app_init ] --END-- [ RunTime:0.001000s ]
ERR: 无法加载模块:Application

[ 2016-07-27T12:36:34+08:00 ] ::1 /Web/Application/Admin/View/Public/__PUBLIC__/Admin//js/app.js
INFO: [ app_init ] --START--
INFO: Run Behavior\BuildLiteBehavior [ RunTime:0.000000s ]
INFO: [ app_init ] --END-- [ RunTime:0.000000s ]
ERR: 无法加载模块:Application

[ 2016-07-27T12:36:34+08:00 ] ::1 /Web/Application/Admin/View/Public/__PUBLIC__/Admin//js/amazeui.min.js
INFO: [ app_init ] --START--
INFO: Run Behavior\BuildLiteBehavior [ RunTime:0.000000s ]
INFO: [ app_init ] --END-- [ RunTime:0.001000s ]
ERR: 无法加载模块:Application

[ 2016-07-27T12:36:34+08:00 ] ::1 /Web/Application/Admin/View/Public/__PUBLIC__/Admin//css/admin.css
INFO: [ app_init ] --START--
INFO: Run Behavior\BuildLiteBehavior [ RunTime:0.000000s ]
INFO: [ app_init ] --END-- [ RunTime:0.000000s ]
ERR: 无法加载模块:Application

[ 2016-07-27T12:36:34+08:00 ] ::1 /Web/Application/Admin/View/Public/__PUBLIC__/Admin//js/jquery.min.js
INFO: [ app_init ] --START--
INFO: Run Behavior\BuildLiteBehavior [ RunTime:0.000000s ]
INFO: [ app_init ] --END-- [ RunTime:0.000000s ]
ERR: 无法加载模块:Application

[ 2016-07-27T12:36:34+08:00 ] ::1 /Web/Application/Admin/View/Public/__PUBLIC__/Admin//i/favicon.png
INFO: [ app_init ] --START--
INFO: Run Behavior\BuildLiteBehavior [ RunTime:0.000000s ]
INFO: [ app_init ] --END-- [ RunTime:0.001000s ]
ERR: 无法加载模块:Application

