[ 2016-07-28T09:38:27+08:00 ] ::1 /Web/index.php/Web/index.php/Admin/index/index.html.html
INFO: [ app_init ] --START--
INFO: Run Behavior\BuildLiteBehavior [ RunTime:0.000000s ]
INFO: [ app_init ] --END-- [ RunTime:0.000000s ]
ERR: 无法加载模块:Web

[ 2016-07-28T09:38:34+08:00 ] ::1 /Web/index.php/Web/index.php/Admin/index/index.html.html
INFO: [ app_init ] --START--
INFO: Run Behavior\BuildLiteBehavior [ RunTime:0.000000s ]
INFO: [ app_init ] --END-- [ RunTime:0.001000s ]
ERR: 无法加载模块:Web

[ 2016-07-28T09:38:57+08:00 ] ::1 /Web/index.php/Web/index.php/Admin/index/index.html.html
INFO: [ app_init ] --START--
INFO: Run Behavior\BuildLiteBehavior [ RunTime:0.000000s ]
INFO: [ app_init ] --END-- [ RunTime:0.000000s ]
ERR: 无法加载模块:Web

[ 2016-07-28T09:39:06+08:00 ] ::1 /Web/index.php/Web/index.php/Admin/index/index.html.html
INFO: [ app_init ] --START--
INFO: Run Behavior\BuildLiteBehavior [ RunTime:0.000000s ]
INFO: [ app_init ] --END-- [ RunTime:0.001000s ]
ERR: 无法加载模块:Web

[ 2016-07-28T09:39:08+08:00 ] ::1 /Web/index.php/Web/index.php/Admin/index/index.html.html
INFO: [ app_init ] --START--
INFO: Run Behavior\BuildLiteBehavior [ RunTime:0.000000s ]
INFO: [ app_init ] --END-- [ RunTime:0.001000s ]
ERR: 无法加载模块:Web

[ 2016-07-28T09:39:08+08:00 ] ::1 /Web/index.php/Web/index.php/Admin/index/index.html.html
INFO: [ app_init ] --START--
INFO: Run Behavior\BuildLiteBehavior [ RunTime:0.000000s ]
INFO: [ app_init ] --END-- [ RunTime:0.001000s ]
ERR: 无法加载模块:Web

[ 2016-07-28T09:39:09+08:00 ] ::1 /Web/index.php/Web/index.php/Admin/index/index.html.html
INFO: [ app_init ] --START--
INFO: Run Behavior\BuildLiteBehavior [ RunTime:0.000000s ]
INFO: [ app_init ] --END-- [ RunTime:0.001000s ]
ERR: 无法加载模块:Web

[ 2016-07-28T09:39:09+08:00 ] ::1 /Web/index.php/Web/index.php/Admin/index/index.html.html
INFO: [ app_init ] --START--
INFO: Run Behavior\BuildLiteBehavior [ RunTime:0.000000s ]
INFO: [ app_init ] --END-- [ RunTime:0.000000s ]
ERR: 无法加载模块:Web

[ 2016-07-28T09:39:09+08:00 ] ::1 /Web/index.php/Web/index.php/Admin/index/index.html.html
INFO: [ app_init ] --START--
INFO: Run Behavior\BuildLiteBehavior [ RunTime:0.000000s ]
INFO: [ app_init ] --END-- [ RunTime:0.000000s ]
ERR: 无法加载模块:Web

[ 2016-07-28T09:39:09+08:00 ] ::1 /Web/index.php/Web/index.php/Admin/index/index.html.html
INFO: [ app_init ] --START--
INFO: Run Behavior\BuildLiteBehavior [ RunTime:0.000000s ]
INFO: [ app_init ] --END-- [ RunTime:0.001000s ]
ERR: 无法加载模块:Web

[ 2016-07-28T09:39:09+08:00 ] ::1 /Web/index.php/Web/index.php/Admin/index/index.html.html
INFO: [ app_init ] --START--
INFO: Run Behavior\BuildLiteBehavior [ RunTime:0.000000s ]
INFO: [ app_init ] --END-- [ RunTime:0.001000s ]
ERR: 无法加载模块:Web

[ 2016-07-28T09:39:10+08:00 ] ::1 /Web/index.php/Web/index.php/Admin/index/index.html.html
INFO: [ app_init ] --START--
INFO: Run Behavior\BuildLiteBehavior [ RunTime:0.000000s ]
INFO: [ app_init ] --END-- [ RunTime:0.000000s ]
ERR: 无法加载模块:Web

[ 2016-07-28T09:39:10+08:00 ] ::1 /Web/index.php/Web/index.php/Admin/index/index.html.html
INFO: [ app_init ] --START--
INFO: Run Behavior\BuildLiteBehavior [ RunTime:0.000000s ]
INFO: [ app_init ] --END-- [ RunTime:0.001000s ]
ERR: 无法加载模块:Web

[ 2016-07-28T09:39:10+08:00 ] ::1 /Web/index.php/Web/index.php/Admin/index/index.html.html
INFO: [ app_init ] --START--
INFO: Run Behavior\BuildLiteBehavior [ RunTime:0.000000s ]
INFO: [ app_init ] --END-- [ RunTime:0.001001s ]
ERR: 无法加载模块:Web

[ 2016-07-28T09:39:10+08:00 ] ::1 /Web/index.php/Web/index.php/Admin/index/index.html.html
INFO: [ app_init ] --START--
INFO: Run Behavior\BuildLiteBehavior [ RunTime:0.000000s ]
INFO: [ app_init ] --END-- [ RunTime:0.000000s ]
ERR: 无法加载模块:Web

[ 2016-07-28T09:39:11+08:00 ] ::1 /Web/index.php/Web/index.php/Admin/index/index.html.html
INFO: [ app_init ] --START--
INFO: Run Behavior\BuildLiteBehavior [ RunTime:0.000000s ]
INFO: [ app_init ] --END-- [ RunTime:0.000000s ]
ERR: 无法加载模块:Web

[ 2016-07-28T09:39:11+08:00 ] ::1 /Web/index.php/Web/index.php/Admin/index/index.html.html
INFO: [ app_init ] --START--
INFO: Run Behavior\BuildLiteBehavior [ RunTime:0.000000s ]
INFO: [ app_init ] --END-- [ RunTime:0.000000s ]
ERR: 无法加载模块:Web

[ 2016-07-28T09:39:11+08:00 ] ::1 /Web/index.php/Web/index.php/Admin/index/index.html.html
INFO: [ app_init ] --START--
INFO: Run Behavior\BuildLiteBehavior [ RunTime:0.000000s ]
INFO: [ app_init ] --END-- [ RunTime:0.000000s ]
ERR: 无法加载模块:Web

[ 2016-07-28T09:39:11+08:00 ] ::1 /Web/index.php/Web/index.php/Admin/index/index.html.html
INFO: [ app_init ] --START--
INFO: Run Behavior\BuildLiteBehavior [ RunTime:0.000000s ]
INFO: [ app_init ] --END-- [ RunTime:0.000000s ]
ERR: 无法加载模块:Web

[ 2016-07-28T09:39:12+08:00 ] ::1 /Web/index.php/Web/index.php/Admin/index/index.html.html
INFO: [ app_init ] --START--
INFO: Run Behavior\BuildLiteBehavior [ RunTime:0.000000s ]
INFO: [ app_init ] --END-- [ RunTime:0.001000s ]
ERR: 无法加载模块:Web

[ 2016-07-28T09:39:12+08:00 ] ::1 /Web/index.php/Web/index.php/Admin/index/index.html.html
INFO: [ app_init ] --START--
INFO: Run Behavior\BuildLiteBehavior [ RunTime:0.000000s ]
INFO: [ app_init ] --END-- [ RunTime:0.001000s ]
ERR: 无法加载模块:Web

[ 2016-07-28T09:39:12+08:00 ] ::1 /Web/index.php/Web/index.php/Admin/index/index.html.html
INFO: [ app_init ] --START--
INFO: Run Behavior\BuildLiteBehavior [ RunTime:0.000000s ]
INFO: [ app_init ] --END-- [ RunTime:0.001000s ]
ERR: 无法加载模块:Web

[ 2016-07-28T09:39:12+08:00 ] ::1 /Web/index.php/Web/index.php/Admin/index/index.html.html
INFO: [ app_init ] --START--
INFO: Run Behavior\BuildLiteBehavior [ RunTime:0.000000s ]
INFO: [ app_init ] --END-- [ RunTime:0.000000s ]
ERR: 无法加载模块:Web

[ 2016-07-28T09:39:12+08:00 ] ::1 /Web/index.php/Web/index.php/Admin/index/index.html.html
INFO: [ app_init ] --START--
INFO: Run Behavior\BuildLiteBehavior [ RunTime:0.000000s ]
INFO: [ app_init ] --END-- [ RunTime:0.001000s ]
ERR: 无法加载模块:Web

[ 2016-07-28T09:39:13+08:00 ] ::1 /Web/index.php/Web/index.php/Admin/index/index.html.html
INFO: [ app_init ] --START--
INFO: Run Behavior\BuildLiteBehavior [ RunTime:0.000000s ]
INFO: [ app_init ] --END-- [ RunTime:0.001000s ]
ERR: 无法加载模块:Web

[ 2016-07-28T09:39:13+08:00 ] ::1 /Web/index.php/Web/index.php/Admin/index/index.html.html
INFO: [ app_init ] --START--
INFO: Run Behavior\BuildLiteBehavior [ RunTime:0.000000s ]
INFO: [ app_init ] --END-- [ RunTime:0.001000s ]
ERR: 无法加载模块:Web

[ 2016-07-28T09:39:13+08:00 ] ::1 /Web/index.php/Web/index.php/Admin/index/index.html.html
INFO: [ app_init ] --START--
INFO: Run Behavior\BuildLiteBehavior [ RunTime:0.000000s ]
INFO: [ app_init ] --END-- [ RunTime:0.000000s ]
ERR: 无法加载模块:Web

[ 2016-07-28T09:39:21+08:00 ] ::1 /Web/index.php/Web/index.php/Admin/index/index.html.html
INFO: [ app_init ] --START--
INFO: Run Behavior\BuildLiteBehavior [ RunTime:0.000000s ]
INFO: [ app_init ] --END-- [ RunTime:0.000000s ]
ERR: 无法加载模块:Web

[ 2016-07-28T09:40:29+08:00 ] ::1 /Web/index.php/Web/index.php/Admin/index/index.html.html
INFO: [ app_init ] --START--
INFO: Run Behavior\BuildLiteBehavior [ RunTime:0.000000s ]
INFO: [ app_init ] --END-- [ RunTime:0.001000s ]
ERR: 无法加载模块:Web

[ 2016-07-28T09:40:55+08:00 ] ::1 /Web/index.php/Web/index.php/Admin/index/index.html.html
INFO: [ app_init ] --START--
INFO: Run Behavior\BuildLiteBehavior [ RunTime:0.000000s ]
INFO: [ app_init ] --END-- [ RunTime:0.000000s ]
ERR: 无法加载模块:Web

[ 2016-07-28T09:42:39+08:00 ] ::1 /Web/index.php/Web/index.php/Admin/index/index.html.html
INFO: [ app_init ] --START--
INFO: Run Behavior\BuildLiteBehavior [ RunTime:0.000000s ]
INFO: [ app_init ] --END-- [ RunTime:0.000000s ]
ERR: 无法加载模块:Web

[ 2016-07-28T09:42:40+08:00 ] ::1 /Web/index.php/Web/index.php/Admin/index/index.html.html
INFO: [ app_init ] --START--
INFO: Run Behavior\BuildLiteBehavior [ RunTime:0.000000s ]
INFO: [ app_init ] --END-- [ RunTime:0.000000s ]
ERR: 无法加载模块:Web

