[ 2016-07-29T13:27:40+08:00 ] ::1 /Web/index.php/Home/Index/index.html
INFO: [ app_init ] --START--
INFO: Run Behavior\BuildLiteBehavior [ RunTime:0.000000s ]
INFO: [ app_init ] --END-- [ RunTime:0.001000s ]
INFO: [ app_begin ] --START--
INFO: Run Behavior\ReadHtmlCacheBehavior [ RunTime:0.001000s ]
INFO: [ app_begin ] --END-- [ RunTime:0.001000s ]
SQL: SHOW COLUMNS FROM `web_form` [ RunTime:0.0030s ]
ERR: 1054:Unknown column 'type' in 'where clause'
 [ SQL语句 ] : SELECT * FROM `web_form` WHERE ( type="中心动态" ) LIMIT 7  
ERR: 1054:Unknown column 'type' in 'where clause'
 [ SQL语句 ] : SELECT * FROM `web_form` WHERE ( type="中心动态" ) LIMIT 7  

[ 2016-07-29T13:28:52+08:00 ] ::1 /Web/index.php/Home/Index/index.html
INFO: [ app_init ] --START--
INFO: Run Behavior\BuildLiteBehavior [ RunTime:0.000000s ]
INFO: [ app_init ] --END-- [ RunTime:0.000000s ]
INFO: [ app_begin ] --START--
INFO: Run Behavior\ReadHtmlCacheBehavior [ RunTime:0.001000s ]
INFO: [ app_begin ] --END-- [ RunTime:0.001000s ]
SQL: SHOW COLUMNS FROM `web_form` [ RunTime:0.0020s ]
SQL: SELECT * FROM `web_form` WHERE ( type1="中心动态" ) LIMIT 7   [ RunTime:0.0020s ]
SQL: SELECT * FROM `web_form` WHERE ( type1="活动公告" )  [ RunTime:0.0000s ]
SQL: SELECT * FROM `web_form` WHERE ( type1="作文写作" )  [ RunTime:0.0000s ]
SQL: SELECT * FROM `web_form` WHERE ( type1="美术音乐" )  [ RunTime:0.0010s ]
SQL: SELECT * FROM `web_form` WHERE ( type1="动手实践" )  [ RunTime:0.0000s ]
SQL: SELECT * FROM `web_form` WHERE ( type1="分校教育" )  [ RunTime:0.0010s ]
SQL: SELECT * FROM `web_form` WHERE ( type1="家庭教育" )  [ RunTime:0.0000s ]
SQL: SELECT * FROM `web_form` WHERE ( type1="其他" )  [ RunTime:0.0000s ]
INFO: [ view_parse ] --START--
INFO: [ template_filter ] --START--
INFO: Run Behavior\ContentReplaceBehavior [ RunTime:0.000000s ]
INFO: [ template_filter ] --END-- [ RunTime:0.000000s ]
INFO: Run Behavior\ParseTemplateBehavior [ RunTime:0.064004s ]
INFO: [ view_parse ] --END-- [ RunTime:0.064004s ]
INFO: [ view_filter ] --START--
INFO: Run Behavior\WriteHtmlCacheBehavior [ RunTime:0.001000s ]
INFO: [ view_filter ] --END-- [ RunTime:0.001000s ]
INFO: [ app_end ] --START--
INFO: Run Behavior\ShowPageTraceBehavior [ RunTime:0.001000s ]
INFO: [ app_end ] --END-- [ RunTime:0.001000s ]

