[ 2016-07-27T10:26:21+08:00 ] ::1 /Web/index.php/Home/Index/index.html
INFO: [ app_init ] --START--
INFO: Run Behavior\BuildLiteBehavior [ RunTime:0.000000s ]
INFO: [ app_init ] --END-- [ RunTime:0.000000s ]
INFO: [ app_begin ] --START--
INFO: Run Behavior\ReadHtmlCacheBehavior [ RunTime:0.000000s ]
INFO: [ app_begin ] --END-- [ RunTime:0.000000s ]
SQL: SHOW COLUMNS FROM `web_form` [ RunTime:0.1000s ]
SQL: SELECT * FROM `web_form` WHERE ( type="中心动态" ) LIMIT 7   [ RunTime:0.0130s ]
SQL: SELECT * FROM `web_form` WHERE ( type="活动公告" )  [ RunTime:0.0010s ]
SQL: SELECT * FROM `web_form` WHERE ( type="作文写作" )  [ RunTime:0.0010s ]
SQL: SELECT * FROM `web_form` WHERE ( type="美术音乐" )  [ RunTime:0.0010s ]
SQL: SELECT * FROM `web_form` WHERE ( type="动手实践" )  [ RunTime:0.0000s ]
SQL: SELECT * FROM `web_form` WHERE ( type="分校教育" )  [ RunTime:0.0010s ]
SQL: SELECT * FROM `web_form` WHERE ( type="家庭教育" )  [ RunTime:0.0010s ]
SQL: SELECT * FROM `web_form` WHERE ( type="其他" )  [ RunTime:0.0010s ]
INFO: [ view_parse ] --START--
INFO: [ template_filter ] --START--
INFO: Run Behavior\ContentReplaceBehavior [ RunTime:0.001000s ]
INFO: [ template_filter ] --END-- [ RunTime:0.001000s ]
INFO: Run Behavior\ParseTemplateBehavior [ RunTime:0.122007s ]
INFO: [ view_parse ] --END-- [ RunTime:0.122007s ]
INFO: [ view_filter ] --START--
INFO: Run Behavior\WriteHtmlCacheBehavior [ RunTime:0.001000s ]
INFO: [ view_filter ] --END-- [ RunTime:0.001000s ]
INFO: [ app_end ] --START--
INFO: Run Behavior\ShowPageTraceBehavior [ RunTime:0.003000s ]
INFO: [ app_end ] --END-- [ RunTime:0.003000s ]

[ 2016-07-27T10:27:36+08:00 ] ::1 /Web/index.php/Home/Index/index.html
INFO: [ app_init ] --START--
INFO: Run Behavior\BuildLiteBehavior [ RunTime:0.000000s ]
INFO: [ app_init ] --END-- [ RunTime:0.000000s ]
INFO: [ app_begin ] --START--
INFO: Run Behavior\ReadHtmlCacheBehavior [ RunTime:0.001000s ]
INFO: [ app_begin ] --END-- [ RunTime:0.001000s ]
SQL: SHOW COLUMNS FROM `web_form` [ RunTime:0.0030s ]
SQL: SELECT * FROM `web_form` WHERE ( type="中心动态" ) LIMIT 7   [ RunTime:0.0000s ]
SQL: SELECT * FROM `web_form` WHERE ( type="活动公告" )  [ RunTime:0.0010s ]
SQL: SELECT * FROM `web_form` WHERE ( type="作文写作" )  [ RunTime:0.0000s ]
SQL: SELECT * FROM `web_form` WHERE ( type="美术音乐" )  [ RunTime:0.0010s ]
SQL: SELECT * FROM `web_form` WHERE ( type="动手实践" )  [ RunTime:0.0000s ]
SQL: SELECT * FROM `web_form` WHERE ( type="分校教育" )  [ RunTime:0.0010s ]
SQL: SELECT * FROM `web_form` WHERE ( type="家庭教育" )  [ RunTime:0.0000s ]
SQL: SELECT * FROM `web_form` WHERE ( type="其他" )  [ RunTime:0.0000s ]
INFO: [ view_parse ] --START--
INFO: [ template_filter ] --START--
INFO: Run Behavior\ContentReplaceBehavior [ RunTime:0.000000s ]
INFO: [ template_filter ] --END-- [ RunTime:0.000000s ]
INFO: Run Behavior\ParseTemplateBehavior [ RunTime:0.014001s ]
INFO: [ view_parse ] --END-- [ RunTime:0.014001s ]
INFO: [ view_filter ] --START--
INFO: Run Behavior\WriteHtmlCacheBehavior [ RunTime:0.000000s ]
INFO: [ view_filter ] --END-- [ RunTime:0.000000s ]
INFO: [ app_end ] --START--
INFO: Run Behavior\ShowPageTraceBehavior [ RunTime:0.000000s ]
INFO: [ app_end ] --END-- [ RunTime:0.000000s ]

[ 2016-07-27T10:28:47+08:00 ] ::1 /Web/index.php/Home/Jypx/index.html
INFO: [ app_init ] --START--
INFO: Run Behavior\BuildLiteBehavior [ RunTime:0.000000s ]
INFO: [ app_init ] --END-- [ RunTime:0.001000s ]
INFO: [ app_begin ] --START--
INFO: Run Behavior\ReadHtmlCacheBehavior [ RunTime:0.001000s ]
INFO: [ app_begin ] --END-- [ RunTime:0.001000s ]
INFO: [ view_parse ] --START--
INFO: [ template_filter ] --START--
INFO: Run Behavior\ContentReplaceBehavior [ RunTime:0.000000s ]
INFO: [ template_filter ] --END-- [ RunTime:0.000000s ]
INFO: Run Behavior\ParseTemplateBehavior [ RunTime:0.015001s ]
INFO: [ view_parse ] --END-- [ RunTime:0.015001s ]
INFO: [ view_filter ] --START--
INFO: Run Behavior\WriteHtmlCacheBehavior [ RunTime:0.001000s ]
INFO: [ view_filter ] --END-- [ RunTime:0.001000s ]
INFO: [ app_end ] --START--
INFO: Run Behavior\ShowPageTraceBehavior [ RunTime:0.000000s ]
INFO: [ app_end ] --END-- [ RunTime:0.001000s ]

[ 2016-07-27T10:30:02+08:00 ] ::1 /Web/index.php/Home/Xszp/index.html
INFO: [ app_init ] --START--
INFO: Run Behavior\BuildLiteBehavior [ RunTime:0.000000s ]
INFO: [ app_init ] --END-- [ RunTime:0.000000s ]
INFO: [ app_begin ] --START--
INFO: Run Behavior\ReadHtmlCacheBehavior [ RunTime:0.001000s ]
INFO: [ app_begin ] --END-- [ RunTime:0.001000s ]
INFO: [ view_parse ] --START--
INFO: [ template_filter ] --START--
INFO: Run Behavior\ContentReplaceBehavior [ RunTime:0.000000s ]
INFO: [ template_filter ] --END-- [ RunTime:0.001000s ]
INFO: Run Behavior\ParseTemplateBehavior [ RunTime:0.032002s ]
INFO: [ view_parse ] --END-- [ RunTime:0.032002s ]
INFO: [ view_filter ] --START--
INFO: Run Behavior\WriteHtmlCacheBehavior [ RunTime:0.001000s ]
INFO: [ view_filter ] --END-- [ RunTime:0.001000s ]
INFO: [ app_end ] --START--
INFO: Run Behavior\ShowPageTraceBehavior [ RunTime:0.002000s ]
INFO: [ app_end ] --END-- [ RunTime:0.002000s ]

[ 2016-07-27T10:30:06+08:00 ] ::1 /Web/index.php/Home/Ryzs/index.html
INFO: [ app_init ] --START--
INFO: Run Behavior\BuildLiteBehavior [ RunTime:0.000000s ]
INFO: [ app_init ] --END-- [ RunTime:0.000000s ]
INFO: [ app_begin ] --START--
INFO: Run Behavior\ReadHtmlCacheBehavior [ RunTime:0.001000s ]
INFO: [ app_begin ] --END-- [ RunTime:0.001000s ]
INFO: [ view_parse ] --START--
INFO: [ template_filter ] --START--
INFO: Run Behavior\ContentReplaceBehavior [ RunTime:0.000000s ]
INFO: [ template_filter ] --END-- [ RunTime:0.000000s ]
INFO: Run Behavior\ParseTemplateBehavior [ RunTime:0.017001s ]
INFO: [ view_parse ] --END-- [ RunTime:0.017001s ]
INFO: [ view_filter ] --START--
INFO: Run Behavior\WriteHtmlCacheBehavior [ RunTime:0.000000s ]
INFO: [ view_filter ] --END-- [ RunTime:0.000000s ]
INFO: [ app_end ] --START--
INFO: Run Behavior\ShowPageTraceBehavior [ RunTime:0.001000s ]
INFO: [ app_end ] --END-- [ RunTime:0.001000s ]

[ 2016-07-27T10:30:07+08:00 ] ::1 /Web/index.php/Home/Hdzs/index.html
INFO: [ app_init ] --START--
INFO: Run Behavior\BuildLiteBehavior [ RunTime:0.000000s ]
INFO: [ app_init ] --END-- [ RunTime:0.001000s ]
INFO: [ app_begin ] --START--
INFO: Run Behavior\ReadHtmlCacheBehavior [ RunTime:0.001000s ]
INFO: [ app_begin ] --END-- [ RunTime:0.001000s ]
INFO: [ view_parse ] --START--
INFO: [ template_filter ] --START--
INFO: Run Behavior\ContentReplaceBehavior [ RunTime:0.000000s ]
INFO: [ template_filter ] --END-- [ RunTime:0.000000s ]
INFO: Run Behavior\ParseTemplateBehavior [ RunTime:0.030002s ]
INFO: [ view_parse ] --END-- [ RunTime:0.030002s ]
INFO: [ view_filter ] --START--
INFO: Run Behavior\WriteHtmlCacheBehavior [ RunTime:0.002000s ]
INFO: [ view_filter ] --END-- [ RunTime:0.002000s ]
INFO: [ app_end ] --START--
INFO: Run Behavior\ShowPageTraceBehavior [ RunTime:0.001000s ]
INFO: [ app_end ] --END-- [ RunTime:0.001000s ]

[ 2016-07-27T10:30:07+08:00 ] ::1 /Web/index.php/Home/Jzfk/index.html
INFO: [ app_init ] --START--
INFO: Run Behavior\BuildLiteBehavior [ RunTime:0.000000s ]
INFO: [ app_init ] --END-- [ RunTime:0.001000s ]
INFO: [ app_begin ] --START--
INFO: Run Behavior\ReadHtmlCacheBehavior [ RunTime:0.001001s ]
INFO: [ app_begin ] --END-- [ RunTime:0.001001s ]
INFO: [ view_parse ] --START--
INFO: [ template_filter ] --START--
INFO: Run Behavior\ContentReplaceBehavior [ RunTime:0.000000s ]
INFO: [ template_filter ] --END-- [ RunTime:0.000000s ]
INFO: Run Behavior\ParseTemplateBehavior [ RunTime:0.029002s ]
INFO: [ view_parse ] --END-- [ RunTime:0.029002s ]
INFO: [ view_filter ] --START--
INFO: Run Behavior\WriteHtmlCacheBehavior [ RunTime:0.001000s ]
INFO: [ view_filter ] --END-- [ RunTime:0.001000s ]
INFO: [ app_end ] --START--
INFO: Run Behavior\ShowPageTraceBehavior [ RunTime:0.001000s ]
INFO: [ app_end ] --END-- [ RunTime:0.001000s ]

[ 2016-07-27T10:30:08+08:00 ] ::1 /Web/index.php/Home/Esjz/index.html
INFO: [ app_init ] --START--
INFO: Run Behavior\BuildLiteBehavior [ RunTime:0.000000s ]
INFO: [ app_init ] --END-- [ RunTime:0.001000s ]
INFO: [ app_begin ] --START--
INFO: Run Behavior\ReadHtmlCacheBehavior [ RunTime:0.001000s ]
INFO: [ app_begin ] --END-- [ RunTime:0.001000s ]
INFO: [ view_parse ] --START--
INFO: [ template_filter ] --START--
INFO: Run Behavior\ContentReplaceBehavior [ RunTime:0.000000s ]
INFO: [ template_filter ] --END-- [ RunTime:0.000000s ]
INFO: Run Behavior\ParseTemplateBehavior [ RunTime:0.074005s ]
INFO: [ view_parse ] --END-- [ RunTime:0.074005s ]
INFO: [ view_filter ] --START--
INFO: Run Behavior\WriteHtmlCacheBehavior [ RunTime:0.001000s ]
INFO: [ view_filter ] --END-- [ RunTime:0.001000s ]
INFO: [ app_end ] --START--
INFO: Run Behavior\ShowPageTraceBehavior [ RunTime:0.002000s ]
INFO: [ app_end ] --END-- [ RunTime:0.002000s ]

[ 2016-07-27T10:30:09+08:00 ] ::1 /Web/index.php/Home/Zxjs/index.html
INFO: [ app_init ] --START--
INFO: Run Behavior\BuildLiteBehavior [ RunTime:0.000000s ]
INFO: [ app_init ] --END-- [ RunTime:0.001000s ]
INFO: [ app_begin ] --START--
INFO: Run Behavior\ReadHtmlCacheBehavior [ RunTime:0.000000s ]
INFO: [ app_begin ] --END-- [ RunTime:0.001000s ]
INFO: [ view_parse ] --START--
INFO: [ template_filter ] --START--
INFO: Run Behavior\ContentReplaceBehavior [ RunTime:0.000000s ]
INFO: [ template_filter ] --END-- [ RunTime:0.000000s ]
INFO: Run Behavior\ParseTemplateBehavior [ RunTime:0.025002s ]
INFO: [ view_parse ] --END-- [ RunTime:0.025002s ]
INFO: [ view_filter ] --START--
INFO: Run Behavior\WriteHtmlCacheBehavior [ RunTime:0.000000s ]
INFO: [ view_filter ] --END-- [ RunTime:0.000000s ]
INFO: [ app_end ] --START--
INFO: Run Behavior\ShowPageTraceBehavior [ RunTime:0.001000s ]
INFO: [ app_end ] --END-- [ RunTime:0.001000s ]

[ 2016-07-27T10:32:59+08:00 ] ::1 /Web/index.php/Home/Zxjs/index.asp?1=1&page=2
INFO: [ app_init ] --START--
INFO: Run Behavior\BuildLiteBehavior [ RunTime:0.000000s ]
INFO: [ app_init ] --END-- [ RunTime:0.001000s ]
INFO: [ app_begin ] --START--
INFO: Run Behavior\ReadHtmlCacheBehavior [ RunTime:0.001000s ]
INFO: [ app_begin ] --END-- [ RunTime:0.001000s ]
ERR: 非法操作:index.asp

[ 2016-07-27T10:33:05+08:00 ] ::1 /Web/index.php/Home/Zxjs/index.asp?1=1&page=797
INFO: [ app_init ] --START--
INFO: Run Behavior\BuildLiteBehavior [ RunTime:0.000000s ]
INFO: [ app_init ] --END-- [ RunTime:0.001000s ]
INFO: [ app_begin ] --START--
INFO: Run Behavior\ReadHtmlCacheBehavior [ RunTime:0.001000s ]
INFO: [ app_begin ] --END-- [ RunTime:0.001000s ]
ERR: 非法操作:index.asp

[ 2016-07-27T10:33:47+08:00 ] ::1 /Web/index.php/Home/Index/index.html
INFO: [ app_init ] --START--
INFO: Run Behavior\BuildLiteBehavior [ RunTime:0.000000s ]
INFO: [ app_init ] --END-- [ RunTime:0.001000s ]
INFO: [ app_begin ] --START--
INFO: Run Behavior\ReadHtmlCacheBehavior [ RunTime:0.001000s ]
INFO: [ app_begin ] --END-- [ RunTime:0.001000s ]
SQL: SHOW COLUMNS FROM `web_form` [ RunTime:0.0040s ]
SQL: SELECT * FROM `web_form` WHERE ( type="中心动态" ) LIMIT 7   [ RunTime:0.0000s ]
SQL: SELECT * FROM `web_form` WHERE ( type="活动公告" )  [ RunTime:0.0010s ]
SQL: SELECT * FROM `web_form` WHERE ( type="作文写作" )  [ RunTime:0.0000s ]
SQL: SELECT * FROM `web_form` WHERE ( type="美术音乐" )  [ RunTime:0.0010s ]
SQL: SELECT * FROM `web_form` WHERE ( type="动手实践" )  [ RunTime:0.0000s ]
SQL: SELECT * FROM `web_form` WHERE ( type="分校教育" )  [ RunTime:0.0000s ]
SQL: SELECT * FROM `web_form` WHERE ( type="家庭教育" )  [ RunTime:0.0000s ]
SQL: SELECT * FROM `web_form` WHERE ( type="其他" )  [ RunTime:0.0000s ]
INFO: [ view_parse ] --START--
INFO: [ template_filter ] --START--
INFO: Run Behavior\ContentReplaceBehavior [ RunTime:0.000000s ]
INFO: [ template_filter ] --END-- [ RunTime:0.000000s ]
INFO: Run Behavior\ParseTemplateBehavior [ RunTime:0.013000s ]
INFO: [ view_parse ] --END-- [ RunTime:0.013000s ]
INFO: [ view_filter ] --START--
INFO: Run Behavior\WriteHtmlCacheBehavior [ RunTime:0.000000s ]
INFO: [ view_filter ] --END-- [ RunTime:0.000000s ]
INFO: [ app_end ] --START--
INFO: Run Behavior\ShowPageTraceBehavior [ RunTime:0.000000s ]
INFO: [ app_end ] --END-- [ RunTime:0.000000s ]

[ 2016-07-27T11:06:18+08:00 ] ::1 /Web/index.php/Home/Index/index.html
INFO: [ app_init ] --START--
INFO: Run Behavior\BuildLiteBehavior [ RunTime:0.000000s ]
INFO: [ app_init ] --END-- [ RunTime:0.001000s ]
INFO: [ app_begin ] --START--
INFO: Run Behavior\ReadHtmlCacheBehavior [ RunTime:0.000000s ]
INFO: [ app_begin ] --END-- [ RunTime:0.000000s ]
SQL: SHOW COLUMNS FROM `web_form` [ RunTime:0.0040s ]
SQL: SELECT * FROM `web_form` WHERE ( type="中心动态" ) LIMIT 7   [ RunTime:0.0010s ]
SQL: SELECT * FROM `web_form` WHERE ( type="活动公告" )  [ RunTime:0.0000s ]
SQL: SELECT * FROM `web_form` WHERE ( type="作文写作" )  [ RunTime:0.0010s ]
SQL: SELECT * FROM `web_form` WHERE ( type="美术音乐" )  [ RunTime:0.0000s ]
SQL: SELECT * FROM `web_form` WHERE ( type="动手实践" )  [ RunTime:0.0010s ]
SQL: SELECT * FROM `web_form` WHERE ( type="分校教育" )  [ RunTime:0.0000s ]
SQL: SELECT * FROM `web_form` WHERE ( type="家庭教育" )  [ RunTime:0.0000s ]
SQL: SELECT * FROM `web_form` WHERE ( type="其他" )  [ RunTime:0.0000s ]
INFO: [ view_parse ] --START--
INFO: [ template_filter ] --START--
INFO: Run Behavior\ContentReplaceBehavior [ RunTime:0.000000s ]
INFO: [ template_filter ] --END-- [ RunTime:0.000000s ]
INFO: Run Behavior\ParseTemplateBehavior [ RunTime:0.031002s ]
INFO: [ view_parse ] --END-- [ RunTime:0.031002s ]
INFO: [ view_filter ] --START--
INFO: Run Behavior\WriteHtmlCacheBehavior [ RunTime:0.000000s ]
INFO: [ view_filter ] --END-- [ RunTime:0.000000s ]
INFO: [ app_end ] --START--
INFO: Run Behavior\ShowPageTraceBehavior [ RunTime:0.000000s ]
INFO: [ app_end ] --END-- [ RunTime:0.001000s ]

[ 2016-07-27T11:10:36+08:00 ] ::1 /Web/index.php/Home/Jypx/index.html
INFO: [ app_init ] --START--
INFO: Run Behavior\BuildLiteBehavior [ RunTime:0.000000s ]
INFO: [ app_init ] --END-- [ RunTime:0.001000s ]
INFO: [ app_begin ] --START--
INFO: Run Behavior\ReadHtmlCacheBehavior [ RunTime:0.001000s ]
INFO: [ app_begin ] --END-- [ RunTime:0.001000s ]
INFO: [ view_parse ] --START--
INFO: [ template_filter ] --START--
INFO: Run Behavior\ContentReplaceBehavior [ RunTime:0.000000s ]
INFO: [ template_filter ] --END-- [ RunTime:0.000000s ]
INFO: Run Behavior\ParseTemplateBehavior [ RunTime:0.033002s ]
INFO: [ view_parse ] --END-- [ RunTime:0.033002s ]
INFO: [ view_filter ] --START--
INFO: Run Behavior\WriteHtmlCacheBehavior [ RunTime:0.001000s ]
INFO: [ view_filter ] --END-- [ RunTime:0.001000s ]
INFO: [ app_end ] --START--
INFO: Run Behavior\ShowPageTraceBehavior [ RunTime:0.001000s ]
INFO: [ app_end ] --END-- [ RunTime:0.001000s ]

[ 2016-07-27T11:10:37+08:00 ] ::1 /Web/index.php/Home/Index/index.html
INFO: [ app_init ] --START--
INFO: Run Behavior\BuildLiteBehavior [ RunTime:0.000000s ]
INFO: [ app_init ] --END-- [ RunTime:0.000000s ]
INFO: [ app_begin ] --START--
INFO: Run Behavior\ReadHtmlCacheBehavior [ RunTime:0.000000s ]
INFO: [ app_begin ] --END-- [ RunTime:0.000000s ]
SQL: SHOW COLUMNS FROM `web_form` [ RunTime:0.0040s ]
SQL: SELECT * FROM `web_form` WHERE ( type="中心动态" ) LIMIT 7   [ RunTime:0.0000s ]
SQL: SELECT * FROM `web_form` WHERE ( type="活动公告" )  [ RunTime:0.0000s ]
SQL: SELECT * FROM `web_form` WHERE ( type="作文写作" )  [ RunTime:0.0000s ]
SQL: SELECT * FROM `web_form` WHERE ( type="美术音乐" )  [ RunTime:0.0000s ]
SQL: SELECT * FROM `web_form` WHERE ( type="动手实践" )  [ RunTime:0.0000s ]
SQL: SELECT * FROM `web_form` WHERE ( type="分校教育" )  [ RunTime:0.0000s ]
SQL: SELECT * FROM `web_form` WHERE ( type="家庭教育" )  [ RunTime:0.0000s ]
SQL: SELECT * FROM `web_form` WHERE ( type="其他" )  [ RunTime:0.0010s ]
INFO: [ view_parse ] --START--
INFO: [ template_filter ] --START--
INFO: Run Behavior\ContentReplaceBehavior [ RunTime:0.001000s ]
INFO: [ template_filter ] --END-- [ RunTime:0.001000s ]
INFO: Run Behavior\ParseTemplateBehavior [ RunTime:0.013000s ]
INFO: [ view_parse ] --END-- [ RunTime:0.013000s ]
INFO: [ view_filter ] --START--
INFO: Run Behavior\WriteHtmlCacheBehavior [ RunTime:0.000000s ]
INFO: [ view_filter ] --END-- [ RunTime:0.000000s ]
INFO: [ app_end ] --START--
INFO: Run Behavior\ShowPageTraceBehavior [ RunTime:0.000000s ]
INFO: [ app_end ] --END-- [ RunTime:0.000000s ]

[ 2016-07-27T11:12:40+08:00 ] ::1 /Web/index.php/Home/Index/index.html
INFO: [ app_init ] --START--
INFO: Run Behavior\BuildLiteBehavior [ RunTime:0.000000s ]
INFO: [ app_init ] --END-- [ RunTime:0.001001s ]
INFO: [ app_begin ] --START--
INFO: Run Behavior\ReadHtmlCacheBehavior [ RunTime:0.001000s ]
INFO: [ app_begin ] --END-- [ RunTime:0.001000s ]
SQL: SHOW COLUMNS FROM `web_form` [ RunTime:0.0040s ]
SQL: SELECT * FROM `web_form` WHERE ( type="中心动态" ) LIMIT 7   [ RunTime:0.0010s ]
SQL: SELECT * FROM `web_form` WHERE ( type="活动公告" )  [ RunTime:0.0000s ]
SQL: SELECT * FROM `web_form` WHERE ( type="作文写作" )  [ RunTime:0.0010s ]
SQL: SELECT * FROM `web_form` WHERE ( type="美术音乐" )  [ RunTime:0.0000s ]
SQL: SELECT * FROM `web_form` WHERE ( type="动手实践" )  [ RunTime:0.0000s ]
SQL: SELECT * FROM `web_form` WHERE ( type="分校教育" )  [ RunTime:0.0000s ]
SQL: SELECT * FROM `web_form` WHERE ( type="家庭教育" )  [ RunTime:0.0000s ]
SQL: SELECT * FROM `web_form` WHERE ( type="其他" )  [ RunTime:0.0010s ]
INFO: [ view_parse ] --START--
INFO: [ template_filter ] --START--
INFO: Run Behavior\ContentReplaceBehavior [ RunTime:0.000000s ]
INFO: [ template_filter ] --END-- [ RunTime:0.000000s ]
INFO: Run Behavior\ParseTemplateBehavior [ RunTime:0.014001s ]
INFO: [ view_parse ] --END-- [ RunTime:0.014001s ]
INFO: [ view_filter ] --START--
INFO: Run Behavior\WriteHtmlCacheBehavior [ RunTime:0.000000s ]
INFO: [ view_filter ] --END-- [ RunTime:0.000000s ]
INFO: [ app_end ] --START--
INFO: Run Behavior\ShowPageTraceBehavior [ RunTime:0.001000s ]
INFO: [ app_end ] --END-- [ RunTime:0.001000s ]

[ 2016-07-27T11:13:53+08:00 ] ::1 /Web/index.php/Home/Jzfk/index.html
INFO: [ app_init ] --START--
INFO: Run Behavior\BuildLiteBehavior [ RunTime:0.000000s ]
INFO: [ app_init ] --END-- [ RunTime:0.001000s ]
INFO: [ app_begin ] --START--
INFO: Run Behavior\ReadHtmlCacheBehavior [ RunTime:0.000000s ]
INFO: [ app_begin ] --END-- [ RunTime:0.000000s ]
INFO: [ view_parse ] --START--
INFO: [ template_filter ] --START--
INFO: Run Behavior\ContentReplaceBehavior [ RunTime:0.000000s ]
INFO: [ template_filter ] --END-- [ RunTime:0.000000s ]
INFO: Run Behavior\ParseTemplateBehavior [ RunTime:0.007000s ]
INFO: [ view_parse ] --END-- [ RunTime:0.007000s ]
INFO: [ view_filter ] --START--
INFO: Run Behavior\WriteHtmlCacheBehavior [ RunTime:0.000000s ]
INFO: [ view_filter ] --END-- [ RunTime:0.000000s ]
INFO: [ app_end ] --START--
INFO: Run Behavior\ShowPageTraceBehavior [ RunTime:0.001000s ]
INFO: [ app_end ] --END-- [ RunTime:0.001000s ]

[ 2016-07-27T11:17:41+08:00 ] ::1 /Web/index.php/Home/Jzfk/index.html
INFO: [ app_init ] --START--
INFO: Run Behavior\BuildLiteBehavior [ RunTime:0.000000s ]
INFO: [ app_init ] --END-- [ RunTime:0.001000s ]
INFO: [ app_begin ] --START--
INFO: Run Behavior\ReadHtmlCacheBehavior [ RunTime:0.001000s ]
INFO: [ app_begin ] --END-- [ RunTime:0.001000s ]
INFO: [ view_parse ] --START--
INFO: [ template_filter ] --START--
INFO: Run Behavior\ContentReplaceBehavior [ RunTime:0.000000s ]
INFO: [ template_filter ] --END-- [ RunTime:0.000000s ]
INFO: Run Behavior\ParseTemplateBehavior [ RunTime:0.007000s ]
INFO: [ view_parse ] --END-- [ RunTime:0.007000s ]
INFO: [ view_filter ] --START--
INFO: Run Behavior\WriteHtmlCacheBehavior [ RunTime:0.001000s ]
INFO: [ view_filter ] --END-- [ RunTime:0.001000s ]
INFO: [ app_end ] --START--
INFO: Run Behavior\ShowPageTraceBehavior [ RunTime:0.000000s ]
INFO: [ app_end ] --END-- [ RunTime:0.000000s ]

[ 2016-07-27T11:37:18+08:00 ] ::1 /Web/index.php/Home/Index/index.html
INFO: [ app_init ] --START--
INFO: Run Behavior\BuildLiteBehavior [ RunTime:0.000000s ]
INFO: [ app_init ] --END-- [ RunTime:0.000000s ]
INFO: [ app_begin ] --START--
INFO: Run Behavior\ReadHtmlCacheBehavior [ RunTime:0.000000s ]
INFO: [ app_begin ] --END-- [ RunTime:0.000000s ]
SQL: SHOW COLUMNS FROM `web_form` [ RunTime:0.0040s ]
SQL: SELECT * FROM `web_form` WHERE ( type="中心动态" ) LIMIT 7   [ RunTime:0.0000s ]
SQL: SELECT * FROM `web_form` WHERE ( type="活动公告" )  [ RunTime:0.0000s ]
SQL: SELECT * FROM `web_form` WHERE ( type="作文写作" )  [ RunTime:0.0010s ]
SQL: SELECT * FROM `web_form` WHERE ( type="美术音乐" )  [ RunTime:0.0000s ]
SQL: SELECT * FROM `web_form` WHERE ( type="动手实践" )  [ RunTime:0.0010s ]
SQL: SELECT * FROM `web_form` WHERE ( type="分校教育" )  [ RunTime:0.0000s ]
SQL: SELECT * FROM `web_form` WHERE ( type="家庭教育" )  [ RunTime:0.0010s ]
SQL: SELECT * FROM `web_form` WHERE ( type="其他" )  [ RunTime:0.0000s ]
INFO: [ view_parse ] --START--
INFO: [ template_filter ] --START--
INFO: Run Behavior\ContentReplaceBehavior [ RunTime:0.000000s ]
INFO: [ template_filter ] --END-- [ RunTime:0.000000s ]
INFO: Run Behavior\ParseTemplateBehavior [ RunTime:0.014001s ]
INFO: [ view_parse ] --END-- [ RunTime:0.014001s ]
INFO: [ view_filter ] --START--
INFO: Run Behavior\WriteHtmlCacheBehavior [ RunTime:0.000000s ]
INFO: [ view_filter ] --END-- [ RunTime:0.000000s ]
INFO: [ app_end ] --START--
INFO: Run Behavior\ShowPageTraceBehavior [ RunTime:0.000000s ]
INFO: [ app_end ] --END-- [ RunTime:0.000000s ]

[ 2016-07-27T11:37:54+08:00 ] ::1 /Web/index.php/Home/Index/index.html
INFO: [ app_init ] --START--
INFO: Run Behavior\BuildLiteBehavior [ RunTime:0.000000s ]
INFO: [ app_init ] --END-- [ RunTime:0.000000s ]
INFO: [ app_begin ] --START--
INFO: Run Behavior\ReadHtmlCacheBehavior [ RunTime:0.000000s ]
INFO: [ app_begin ] --END-- [ RunTime:0.000000s ]
SQL: SHOW COLUMNS FROM `web_form` [ RunTime:0.0040s ]
SQL: SELECT * FROM `web_form` WHERE ( type="中心动态" ) LIMIT 7   [ RunTime:0.0000s ]
SQL: SELECT * FROM `web_form` WHERE ( type="活动公告" )  [ RunTime:0.0010s ]
SQL: SELECT * FROM `web_form` WHERE ( type="作文写作" )  [ RunTime:0.0000s ]
SQL: SELECT * FROM `web_form` WHERE ( type="美术音乐" )  [ RunTime:0.0010s ]
SQL: SELECT * FROM `web_form` WHERE ( type="动手实践" )  [ RunTime:0.0000s ]
SQL: SELECT * FROM `web_form` WHERE ( type="分校教育" )  [ RunTime:0.0010s ]
SQL: SELECT * FROM `web_form` WHERE ( type="家庭教育" )  [ RunTime:0.0000s ]
SQL: SELECT * FROM `web_form` WHERE ( type="其他" )  [ RunTime:0.0010s ]
INFO: [ view_parse ] --START--
INFO: [ template_filter ] --START--
INFO: Run Behavior\ContentReplaceBehavior [ RunTime:0.000000s ]
INFO: [ template_filter ] --END-- [ RunTime:0.000000s ]
INFO: Run Behavior\ParseTemplateBehavior [ RunTime:0.013000s ]
INFO: [ view_parse ] --END-- [ RunTime:0.013000s ]
INFO: [ view_filter ] --START--
INFO: Run Behavior\WriteHtmlCacheBehavior [ RunTime:0.000000s ]
INFO: [ view_filter ] --END-- [ RunTime:0.000000s ]
INFO: [ app_end ] --START--
INFO: Run Behavior\ShowPageTraceBehavior [ RunTime:0.000000s ]
INFO: [ app_end ] --END-- [ RunTime:0.000000s ]

[ 2016-07-27T11:38:32+08:00 ] ::1 /Web/index.php/Home/Index/index.html
INFO: [ app_init ] --START--
INFO: Run Behavior\BuildLiteBehavior [ RunTime:0.000000s ]
INFO: [ app_init ] --END-- [ RunTime:0.001000s ]
INFO: [ app_begin ] --START--
INFO: Run Behavior\ReadHtmlCacheBehavior [ RunTime:0.001000s ]
INFO: [ app_begin ] --END-- [ RunTime:0.001000s ]
SQL: SHOW COLUMNS FROM `web_form` [ RunTime:0.0040s ]
SQL: SELECT * FROM `web_form` WHERE ( type="中心动态" ) LIMIT 7   [ RunTime:0.0000s ]
SQL: SELECT * FROM `web_form` WHERE ( type="活动公告" )  [ RunTime:0.0010s ]
SQL: SELECT * FROM `web_form` WHERE ( type="作文写作" )  [ RunTime:0.0000s ]
SQL: SELECT * FROM `web_form` WHERE ( type="美术音乐" )  [ RunTime:0.0010s ]
SQL: SELECT * FROM `web_form` WHERE ( type="动手实践" )  [ RunTime:0.0000s ]
SQL: SELECT * FROM `web_form` WHERE ( type="分校教育" )  [ RunTime:0.0010s ]
SQL: SELECT * FROM `web_form` WHERE ( type="家庭教育" )  [ RunTime:0.0000s ]
SQL: SELECT * FROM `web_form` WHERE ( type="其他" )  [ RunTime:0.0010s ]
INFO: [ view_parse ] --START--
INFO: [ template_filter ] --START--
INFO: Run Behavior\ContentReplaceBehavior [ RunTime:0.000000s ]
INFO: [ template_filter ] --END-- [ RunTime:0.000000s ]
INFO: Run Behavior\ParseTemplateBehavior [ RunTime:0.013001s ]
INFO: [ view_parse ] --END-- [ RunTime:0.013001s ]
INFO: [ view_filter ] --START--
INFO: Run Behavior\WriteHtmlCacheBehavior [ RunTime:0.000000s ]
INFO: [ view_filter ] --END-- [ RunTime:0.000000s ]
INFO: [ app_end ] --START--
INFO: Run Behavior\ShowPageTraceBehavior [ RunTime:0.001000s ]
INFO: [ app_end ] --END-- [ RunTime:0.001000s ]

[ 2016-07-27T13:23:44+08:00 ] ::1 /Web/index.php/Home/Index/index.html
INFO: [ app_init ] --START--
INFO: Run Behavior\BuildLiteBehavior [ RunTime:0.000000s ]
INFO: [ app_init ] --END-- [ RunTime:0.000000s ]
INFO: [ app_begin ] --START--
INFO: Run Behavior\ReadHtmlCacheBehavior [ RunTime:0.000000s ]
INFO: [ app_begin ] --END-- [ RunTime:0.000000s ]
SQL: SHOW COLUMNS FROM `web_form` [ RunTime:0.0410s ]
SQL: SELECT * FROM `web_form` WHERE ( type="中心动态" ) LIMIT 7   [ RunTime:0.0160s ]
SQL: SELECT * FROM `web_form` WHERE ( type="活动公告" )  [ RunTime:0.0000s ]
SQL: SELECT * FROM `web_form` WHERE ( type="作文写作" )  [ RunTime:0.0000s ]
SQL: SELECT * FROM `web_form` WHERE ( type="美术音乐" )  [ RunTime:0.0010s ]
SQL: SELECT * FROM `web_form` WHERE ( type="动手实践" )  [ RunTime:0.0010s ]
SQL: SELECT * FROM `web_form` WHERE ( type="分校教育" )  [ RunTime:0.0010s ]
SQL: SELECT * FROM `web_form` WHERE ( type="家庭教育" )  [ RunTime:0.0010s ]
SQL: SELECT * FROM `web_form` WHERE ( type="其他" )  [ RunTime:0.0010s ]
INFO: [ view_parse ] --START--
INFO: [ template_filter ] --START--
INFO: Run Behavior\ContentReplaceBehavior [ RunTime:0.001000s ]
INFO: [ template_filter ] --END-- [ RunTime:0.001000s ]
INFO: Run Behavior\ParseTemplateBehavior [ RunTime:0.109007s ]
INFO: [ view_parse ] --END-- [ RunTime:0.110007s ]
INFO: [ view_filter ] --START--
INFO: Run Behavior\WriteHtmlCacheBehavior [ RunTime:0.001000s ]
INFO: [ view_filter ] --END-- [ RunTime:0.001000s ]
INFO: [ app_end ] --START--
INFO: Run Behavior\ShowPageTraceBehavior [ RunTime:0.001000s ]
INFO: [ app_end ] --END-- [ RunTime:0.001000s ]

[ 2016-07-27T13:26:32+08:00 ] ::1 /Web/index.php/Home/Index/index.html
INFO: [ app_init ] --START--
INFO: Run Behavior\BuildLiteBehavior [ RunTime:0.000000s ]
INFO: [ app_init ] --END-- [ RunTime:0.000000s ]
INFO: [ app_begin ] --START--
INFO: Run Behavior\ReadHtmlCacheBehavior [ RunTime:0.001000s ]
INFO: [ app_begin ] --END-- [ RunTime:0.001000s ]
SQL: SHOW COLUMNS FROM `web_form` [ RunTime:0.0030s ]
SQL: SELECT * FROM `web_form` WHERE ( type="中心动态" ) LIMIT 7   [ RunTime:0.0010s ]
SQL: SELECT * FROM `web_form` WHERE ( type="活动公告" )  [ RunTime:0.0000s ]
SQL: SELECT * FROM `web_form` WHERE ( type="作文写作" )  [ RunTime:0.0010s ]
SQL: SELECT * FROM `web_form` WHERE ( type="美术音乐" )  [ RunTime:0.0000s ]
SQL: SELECT * FROM `web_form` WHERE ( type="动手实践" )  [ RunTime:0.0000s ]
SQL: SELECT * FROM `web_form` WHERE ( type="分校教育" )  [ RunTime:0.0000s ]
SQL: SELECT * FROM `web_form` WHERE ( type="家庭教育" )  [ RunTime:0.0000s ]
SQL: SELECT * FROM `web_form` WHERE ( type="其他" )  [ RunTime:0.0000s ]
INFO: [ view_parse ] --START--
INFO: [ template_filter ] --START--
INFO: Run Behavior\ContentReplaceBehavior [ RunTime:0.000000s ]
INFO: [ template_filter ] --END-- [ RunTime:0.000000s ]
INFO: Run Behavior\ParseTemplateBehavior [ RunTime:0.014000s ]
INFO: [ view_parse ] --END-- [ RunTime:0.014000s ]
INFO: [ view_filter ] --START--
INFO: Run Behavior\WriteHtmlCacheBehavior [ RunTime:0.000000s ]
INFO: [ view_filter ] --END-- [ RunTime:0.001000s ]
INFO: [ app_end ] --START--
INFO: Run Behavior\ShowPageTraceBehavior [ RunTime:0.001000s ]
INFO: [ app_end ] --END-- [ RunTime:0.001000s ]

[ 2016-07-27T13:26:56+08:00 ] ::1 /Web/index.php/Home/Index/index.html
INFO: [ app_init ] --START--
INFO: Run Behavior\BuildLiteBehavior [ RunTime:0.000000s ]
INFO: [ app_init ] --END-- [ RunTime:0.001000s ]
INFO: [ app_begin ] --START--
INFO: Run Behavior\ReadHtmlCacheBehavior [ RunTime:0.001000s ]
INFO: [ app_begin ] --END-- [ RunTime:0.001000s ]
SQL: SHOW COLUMNS FROM `web_form` [ RunTime:0.0040s ]
SQL: SELECT * FROM `web_form` WHERE ( type="中心动态" ) LIMIT 7   [ RunTime:0.0000s ]
SQL: SELECT * FROM `web_form` WHERE ( type="活动公告" )  [ RunTime:0.0000s ]
SQL: SELECT * FROM `web_form` WHERE ( type="作文写作" )  [ RunTime:0.0000s ]
SQL: SELECT * FROM `web_form` WHERE ( type="美术音乐" )  [ RunTime:0.0010s ]
SQL: SELECT * FROM `web_form` WHERE ( type="动手实践" )  [ RunTime:0.0000s ]
SQL: SELECT * FROM `web_form` WHERE ( type="分校教育" )  [ RunTime:0.0010s ]
SQL: SELECT * FROM `web_form` WHERE ( type="家庭教育" )  [ RunTime:0.0000s ]
SQL: SELECT * FROM `web_form` WHERE ( type="其他" )  [ RunTime:0.0010s ]
INFO: [ view_parse ] --START--
INFO: [ template_filter ] --START--
INFO: Run Behavior\ContentReplaceBehavior [ RunTime:0.000000s ]
INFO: [ template_filter ] --END-- [ RunTime:0.000000s ]
INFO: Run Behavior\ParseTemplateBehavior [ RunTime:0.014001s ]
INFO: [ view_parse ] --END-- [ RunTime:0.014001s ]
INFO: [ view_filter ] --START--
INFO: Run Behavior\WriteHtmlCacheBehavior [ RunTime:0.000000s ]
INFO: [ view_filter ] --END-- [ RunTime:0.001000s ]
INFO: [ app_end ] --START--
INFO: Run Behavior\ShowPageTraceBehavior [ RunTime:0.000000s ]
INFO: [ app_end ] --END-- [ RunTime:0.000000s ]

[ 2016-07-27T13:27:24+08:00 ] ::1 /Web/index.php/Home/Zxjs/index.html
INFO: [ app_init ] --START--
INFO: Run Behavior\BuildLiteBehavior [ RunTime:0.000000s ]
INFO: [ app_init ] --END-- [ RunTime:0.000000s ]
INFO: [ app_begin ] --START--
INFO: Run Behavior\ReadHtmlCacheBehavior [ RunTime:0.001000s ]
INFO: [ app_begin ] --END-- [ RunTime:0.001000s ]
INFO: [ view_parse ] --START--
INFO: [ template_filter ] --START--
INFO: Run Behavior\ContentReplaceBehavior [ RunTime:0.001001s ]
INFO: [ template_filter ] --END-- [ RunTime:0.001001s ]
INFO: Run Behavior\ParseTemplateBehavior [ RunTime:0.026002s ]
INFO: [ view_parse ] --END-- [ RunTime:0.026002s ]
INFO: [ view_filter ] --START--
INFO: Run Behavior\WriteHtmlCacheBehavior [ RunTime:0.001000s ]
INFO: [ view_filter ] --END-- [ RunTime:0.001000s ]
INFO: [ app_end ] --START--
INFO: Run Behavior\ShowPageTraceBehavior [ RunTime:0.000000s ]
INFO: [ app_end ] --END-- [ RunTime:0.000000s ]

[ 2016-07-27T13:27:26+08:00 ] ::1 /Web/index.php/Home/Jypx/index.html
INFO: [ app_init ] --START--
INFO: Run Behavior\BuildLiteBehavior [ RunTime:0.000000s ]
INFO: [ app_init ] --END-- [ RunTime:0.000000s ]
INFO: [ app_begin ] --START--
INFO: Run Behavior\ReadHtmlCacheBehavior [ RunTime:0.001000s ]
INFO: [ app_begin ] --END-- [ RunTime:0.001000s ]
INFO: [ view_parse ] --START--
INFO: [ template_filter ] --START--
INFO: Run Behavior\ContentReplaceBehavior [ RunTime:0.000000s ]
INFO: [ template_filter ] --END-- [ RunTime:0.000000s ]
INFO: Run Behavior\ParseTemplateBehavior [ RunTime:0.017001s ]
INFO: [ view_parse ] --END-- [ RunTime:0.017001s ]
INFO: [ view_filter ] --START--
INFO: Run Behavior\WriteHtmlCacheBehavior [ RunTime:0.001000s ]
INFO: [ view_filter ] --END-- [ RunTime:0.001000s ]
INFO: [ app_end ] --START--
INFO: Run Behavior\ShowPageTraceBehavior [ RunTime:0.000000s ]
INFO: [ app_end ] --END-- [ RunTime:0.000000s ]

[ 2016-07-27T13:27:27+08:00 ] ::1 /Web/index.php/Home/Hdkx/index.html
INFO: [ app_init ] --START--
INFO: Run Behavior\BuildLiteBehavior [ RunTime:0.000000s ]
INFO: [ app_init ] --END-- [ RunTime:0.000000s ]
INFO: [ app_begin ] --START--
INFO: Run Behavior\ReadHtmlCacheBehavior [ RunTime:0.001000s ]
INFO: [ app_begin ] --END-- [ RunTime:0.001000s ]
INFO: [ view_parse ] --START--
INFO: [ template_filter ] --START--
INFO: Run Behavior\ContentReplaceBehavior [ RunTime:0.001000s ]
INFO: [ template_filter ] --END-- [ RunTime:0.001000s ]
INFO: Run Behavior\ParseTemplateBehavior [ RunTime:0.039002s ]
INFO: [ view_parse ] --END-- [ RunTime:0.039002s ]
INFO: [ view_filter ] --START--
INFO: Run Behavior\WriteHtmlCacheBehavior [ RunTime:0.000000s ]
INFO: [ view_filter ] --END-- [ RunTime:0.000000s ]
INFO: [ app_end ] --START--
INFO: Run Behavior\ShowPageTraceBehavior [ RunTime:0.001000s ]
INFO: [ app_end ] --END-- [ RunTime:0.001000s ]

[ 2016-07-27T13:27:28+08:00 ] ::1 /Web/index.php/Home/Xszp/index.html
INFO: [ app_init ] --START--
INFO: Run Behavior\BuildLiteBehavior [ RunTime:0.000000s ]
INFO: [ app_init ] --END-- [ RunTime:0.000000s ]
INFO: [ app_begin ] --START--
INFO: Run Behavior\ReadHtmlCacheBehavior [ RunTime:0.001000s ]
INFO: [ app_begin ] --END-- [ RunTime:0.001000s ]
INFO: [ view_parse ] --START--
INFO: [ template_filter ] --START--
INFO: Run Behavior\ContentReplaceBehavior [ RunTime:0.000000s ]
INFO: [ template_filter ] --END-- [ RunTime:0.000000s ]
INFO: Run Behavior\ParseTemplateBehavior [ RunTime:0.024001s ]
INFO: [ view_parse ] --END-- [ RunTime:0.024001s ]
INFO: [ view_filter ] --START--
INFO: Run Behavior\WriteHtmlCacheBehavior [ RunTime:0.001001s ]
INFO: [ view_filter ] --END-- [ RunTime:0.001001s ]
INFO: [ app_end ] --START--
INFO: Run Behavior\ShowPageTraceBehavior [ RunTime:0.001000s ]
INFO: [ app_end ] --END-- [ RunTime:0.001000s ]

[ 2016-07-27T13:27:29+08:00 ] ::1 /Web/index.php/Home/Index/index.html
INFO: [ app_init ] --START--
INFO: Run Behavior\BuildLiteBehavior [ RunTime:0.000000s ]
INFO: [ app_init ] --END-- [ RunTime:0.000000s ]
INFO: [ app_begin ] --START--
INFO: Run Behavior\ReadHtmlCacheBehavior [ RunTime:0.000000s ]
INFO: [ app_begin ] --END-- [ RunTime:0.000000s ]
SQL: SHOW COLUMNS FROM `web_form` [ RunTime:0.0030s ]
SQL: SELECT * FROM `web_form` WHERE ( type="中心动态" ) LIMIT 7   [ RunTime:0.0000s ]
SQL: SELECT * FROM `web_form` WHERE ( type="活动公告" )  [ RunTime:0.0000s ]
SQL: SELECT * FROM `web_form` WHERE ( type="作文写作" )  [ RunTime:0.0000s ]
SQL: SELECT * FROM `web_form` WHERE ( type="美术音乐" )  [ RunTime:0.0010s ]
SQL: SELECT * FROM `web_form` WHERE ( type="动手实践" )  [ RunTime:0.0000s ]
SQL: SELECT * FROM `web_form` WHERE ( type="分校教育" )  [ RunTime:0.0010s ]
SQL: SELECT * FROM `web_form` WHERE ( type="家庭教育" )  [ RunTime:0.0000s ]
SQL: SELECT * FROM `web_form` WHERE ( type="其他" )  [ RunTime:0.0010s ]
INFO: [ view_parse ] --START--
INFO: [ template_filter ] --START--
INFO: Run Behavior\ContentReplaceBehavior [ RunTime:0.000000s ]
INFO: [ template_filter ] --END-- [ RunTime:0.000000s ]
INFO: Run Behavior\ParseTemplateBehavior [ RunTime:0.013000s ]
INFO: [ view_parse ] --END-- [ RunTime:0.013000s ]
INFO: [ view_filter ] --START--
INFO: Run Behavior\WriteHtmlCacheBehavior [ RunTime:0.000000s ]
INFO: [ view_filter ] --END-- [ RunTime:0.000000s ]
INFO: [ app_end ] --START--
INFO: Run Behavior\ShowPageTraceBehavior [ RunTime:0.000000s ]
INFO: [ app_end ] --END-- [ RunTime:0.000000s ]

[ 2016-07-27T13:28:38+08:00 ] ::1 /Web/index.php/Home/Index/index.html
INFO: [ app_init ] --START--
INFO: Run Behavior\BuildLiteBehavior [ RunTime:0.000000s ]
INFO: [ app_init ] --END-- [ RunTime:0.000000s ]
INFO: [ app_begin ] --START--
INFO: Run Behavior\ReadHtmlCacheBehavior [ RunTime:0.001000s ]
INFO: [ app_begin ] --END-- [ RunTime:0.001000s ]
SQL: SHOW COLUMNS FROM `web_form` [ RunTime:0.0030s ]
SQL: SELECT * FROM `web_form` WHERE ( type="中心动态" ) LIMIT 7   [ RunTime:0.0000s ]
SQL: SELECT * FROM `web_form` WHERE ( type="活动公告" )  [ RunTime:0.0000s ]
SQL: SELECT * FROM `web_form` WHERE ( type="作文写作" )  [ RunTime:0.0000s ]
SQL: SELECT * FROM `web_form` WHERE ( type="美术音乐" )  [ RunTime:0.0000s ]
SQL: SELECT * FROM `web_form` WHERE ( type="动手实践" )  [ RunTime:0.0010s ]
SQL: SELECT * FROM `web_form` WHERE ( type="分校教育" )  [ RunTime:0.0000s ]
SQL: SELECT * FROM `web_form` WHERE ( type="家庭教育" )  [ RunTime:0.0010s ]
SQL: SELECT * FROM `web_form` WHERE ( type="其他" )  [ RunTime:0.0000s ]
INFO: [ view_parse ] --START--
INFO: [ template_filter ] --START--
INFO: Run Behavior\ContentReplaceBehavior [ RunTime:0.000000s ]
INFO: [ template_filter ] --END-- [ RunTime:0.000000s ]
INFO: Run Behavior\ParseTemplateBehavior [ RunTime:0.013001s ]
INFO: [ view_parse ] --END-- [ RunTime:0.014001s ]
INFO: [ view_filter ] --START--
INFO: Run Behavior\WriteHtmlCacheBehavior [ RunTime:0.000000s ]
INFO: [ view_filter ] --END-- [ RunTime:0.000000s ]
INFO: [ app_end ] --START--
INFO: Run Behavior\ShowPageTraceBehavior [ RunTime:0.001000s ]
INFO: [ app_end ] --END-- [ RunTime:0.001000s ]

[ 2016-07-27T13:28:53+08:00 ] ::1 /Web/index.php/Home/Index/index.html
INFO: [ app_init ] --START--
INFO: Run Behavior\BuildLiteBehavior [ RunTime:0.000000s ]
INFO: [ app_init ] --END-- [ RunTime:0.001000s ]
INFO: [ app_begin ] --START--
INFO: Run Behavior\ReadHtmlCacheBehavior [ RunTime:0.001000s ]
INFO: [ app_begin ] --END-- [ RunTime:0.001000s ]
SQL: SHOW COLUMNS FROM `web_form` [ RunTime:0.0040s ]
SQL: SELECT * FROM `web_form` WHERE ( type="中心动态" ) LIMIT 7   [ RunTime:0.0000s ]
SQL: SELECT * FROM `web_form` WHERE ( type="活动公告" )  [ RunTime:0.0000s ]
SQL: SELECT * FROM `web_form` WHERE ( type="作文写作" )  [ RunTime:0.0000s ]
SQL: SELECT * FROM `web_form` WHERE ( type="美术音乐" )  [ RunTime:0.0000s ]
SQL: SELECT * FROM `web_form` WHERE ( type="动手实践" )  [ RunTime:0.0000s ]
SQL: SELECT * FROM `web_form` WHERE ( type="分校教育" )  [ RunTime:0.0000s ]
SQL: SELECT * FROM `web_form` WHERE ( type="家庭教育" )  [ RunTime:0.0000s ]
SQL: SELECT * FROM `web_form` WHERE ( type="其他" )  [ RunTime:0.0010s ]
INFO: [ view_parse ] --START--
INFO: [ template_filter ] --START--
INFO: Run Behavior\ContentReplaceBehavior [ RunTime:0.000000s ]
INFO: [ template_filter ] --END-- [ RunTime:0.000000s ]
INFO: Run Behavior\ParseTemplateBehavior [ RunTime:0.014000s ]
INFO: [ view_parse ] --END-- [ RunTime:0.014000s ]
INFO: [ view_filter ] --START--
INFO: Run Behavior\WriteHtmlCacheBehavior [ RunTime:0.001000s ]
INFO: [ view_filter ] --END-- [ RunTime:0.001000s ]
INFO: [ app_end ] --START--
INFO: Run Behavior\ShowPageTraceBehavior [ RunTime:0.000000s ]
INFO: [ app_end ] --END-- [ RunTime:0.000000s ]

[ 2016-07-27T13:29:19+08:00 ] ::1 /Web/index.php/Home/Index/index.html
INFO: [ app_init ] --START--
INFO: Run Behavior\BuildLiteBehavior [ RunTime:0.000000s ]
INFO: [ app_init ] --END-- [ RunTime:0.001000s ]
INFO: [ app_begin ] --START--
INFO: Run Behavior\ReadHtmlCacheBehavior [ RunTime:0.001000s ]
INFO: [ app_begin ] --END-- [ RunTime:0.001000s ]
SQL: SHOW COLUMNS FROM `web_form` [ RunTime:0.0040s ]
SQL: SELECT * FROM `web_form` WHERE ( type="中心动态" ) LIMIT 7   [ RunTime:0.0000s ]
SQL: SELECT * FROM `web_form` WHERE ( type="活动公告" )  [ RunTime:0.0010s ]
SQL: SELECT * FROM `web_form` WHERE ( type="作文写作" )  [ RunTime:0.0000s ]
SQL: SELECT * FROM `web_form` WHERE ( type="美术音乐" )  [ RunTime:0.0000s ]
SQL: SELECT * FROM `web_form` WHERE ( type="动手实践" )  [ RunTime:0.0000s ]
SQL: SELECT * FROM `web_form` WHERE ( type="分校教育" )  [ RunTime:0.0010s ]
SQL: SELECT * FROM `web_form` WHERE ( type="家庭教育" )  [ RunTime:0.0000s ]
SQL: SELECT * FROM `web_form` WHERE ( type="其他" )  [ RunTime:0.0000s ]
INFO: [ view_parse ] --START--
INFO: [ template_filter ] --START--
INFO: Run Behavior\ContentReplaceBehavior [ RunTime:0.001000s ]
INFO: [ template_filter ] --END-- [ RunTime:0.001000s ]
INFO: Run Behavior\ParseTemplateBehavior [ RunTime:0.014001s ]
INFO: [ view_parse ] --END-- [ RunTime:0.014001s ]
INFO: [ view_filter ] --START--
INFO: Run Behavior\WriteHtmlCacheBehavior [ RunTime:0.001000s ]
INFO: [ view_filter ] --END-- [ RunTime:0.001000s ]
INFO: [ app_end ] --START--
INFO: Run Behavior\ShowPageTraceBehavior [ RunTime:0.001000s ]
INFO: [ app_end ] --END-- [ RunTime:0.001000s ]

[ 2016-07-27T13:49:25+08:00 ] ::1 /Web/index.php/Home/Index/index.html
INFO: [ app_init ] --START--
INFO: Run Behavior\BuildLiteBehavior [ RunTime:0.000000s ]
INFO: [ app_init ] --END-- [ RunTime:0.001000s ]
INFO: [ app_begin ] --START--
INFO: Run Behavior\ReadHtmlCacheBehavior [ RunTime:0.001001s ]
INFO: [ app_begin ] --END-- [ RunTime:0.001001s ]
SQL: SHOW COLUMNS FROM `web_form` [ RunTime:0.0050s ]
SQL: SELECT * FROM `web_form` WHERE ( type="中心动态" ) LIMIT 7   [ RunTime:0.0000s ]
SQL: SELECT * FROM `web_form` WHERE ( type="活动公告" )  [ RunTime:0.0000s ]
SQL: SELECT * FROM `web_form` WHERE ( type="作文写作" )  [ RunTime:0.0000s ]
SQL: SELECT * FROM `web_form` WHERE ( type="美术音乐" )  [ RunTime:0.0010s ]
SQL: SELECT * FROM `web_form` WHERE ( type="动手实践" )  [ RunTime:0.0000s ]
SQL: SELECT * FROM `web_form` WHERE ( type="分校教育" )  [ RunTime:0.0010s ]
SQL: SELECT * FROM `web_form` WHERE ( type="家庭教育" )  [ RunTime:0.0000s ]
SQL: SELECT * FROM `web_form` WHERE ( type="其他" )  [ RunTime:0.0000s ]
INFO: [ view_parse ] --START--
INFO: [ template_filter ] --START--
INFO: Run Behavior\ContentReplaceBehavior [ RunTime:0.000000s ]
INFO: [ template_filter ] --END-- [ RunTime:0.000000s ]
INFO: Run Behavior\ParseTemplateBehavior [ RunTime:0.014001s ]
INFO: [ view_parse ] --END-- [ RunTime:0.014001s ]
INFO: [ view_filter ] --START--
INFO: Run Behavior\WriteHtmlCacheBehavior [ RunTime:0.000000s ]
INFO: [ view_filter ] --END-- [ RunTime:0.000000s ]
INFO: [ app_end ] --START--
INFO: Run Behavior\ShowPageTraceBehavior [ RunTime:0.000000s ]
INFO: [ app_end ] --END-- [ RunTime:0.000000s ]

[ 2016-07-27T13:51:39+08:00 ] ::1 /Web/index.php/Home/Index/index.html
INFO: [ app_init ] --START--
INFO: Run Behavior\BuildLiteBehavior [ RunTime:0.000000s ]
INFO: [ app_init ] --END-- [ RunTime:0.001000s ]
INFO: [ app_begin ] --START--
INFO: Run Behavior\ReadHtmlCacheBehavior [ RunTime:0.000000s ]
INFO: [ app_begin ] --END-- [ RunTime:0.001000s ]
SQL: SHOW COLUMNS FROM `web_form` [ RunTime:0.0040s ]
SQL: SELECT * FROM `web_form` WHERE ( type="中心动态" ) LIMIT 7   [ RunTime:0.0010s ]
SQL: SELECT * FROM `web_form` WHERE ( type="活动公告" )  [ RunTime:0.0000s ]
SQL: SELECT * FROM `web_form` WHERE ( type="作文写作" )  [ RunTime:0.0010s ]
SQL: SELECT * FROM `web_form` WHERE ( type="美术音乐" )  [ RunTime:0.0000s ]
SQL: SELECT * FROM `web_form` WHERE ( type="动手实践" )  [ RunTime:0.0000s ]
SQL: SELECT * FROM `web_form` WHERE ( type="分校教育" )  [ RunTime:0.0000s ]
SQL: SELECT * FROM `web_form` WHERE ( type="家庭教育" )  [ RunTime:0.0000s ]
SQL: SELECT * FROM `web_form` WHERE ( type="其他" )  [ RunTime:0.0010s ]
INFO: [ view_parse ] --START--
INFO: [ template_filter ] --START--
INFO: Run Behavior\ContentReplaceBehavior [ RunTime:0.000000s ]
INFO: [ template_filter ] --END-- [ RunTime:0.000000s ]
INFO: Run Behavior\ParseTemplateBehavior [ RunTime:0.015001s ]
INFO: [ view_parse ] --END-- [ RunTime:0.015001s ]
INFO: [ view_filter ] --START--
INFO: Run Behavior\WriteHtmlCacheBehavior [ RunTime:0.000000s ]
INFO: [ view_filter ] --END-- [ RunTime:0.000000s ]
INFO: [ app_end ] --START--
INFO: Run Behavior\ShowPageTraceBehavior [ RunTime:0.001000s ]
INFO: [ app_end ] --END-- [ RunTime:0.001000s ]

